Pipe 0 - 1. fds: 3 & 4
Pipe 0 - 2. fds: 5 & 6
Pipe 0 - 3. fds: 7 & 8
Pipe 1 - 0. fds: 9 & 10
Pipe 1 - 2. fds: 11 & 12
Pipe 1 - 3. fds: 13 & 14
Pipe 2 - 0. fds: 15 & 16
Pipe 2 - 1. fds: 17 & 18
Pipe 2 - 3. fds: 19 & 20
Pipe 3 - 0. fds: 21 & 22
Pipe 3 - 1. fds: 23 & 24
Pipe 3 - 2. fds: 25 & 26
Pipe 2 - 3. fds: 27 & 28
Pipe 2 - 4. fds: 29 & 30
Pipe 2 - 5. fds: 31 & 32
Pipe 3 - 0. fds: 33 & 34
Pipe 3 - 1. fds: 35 & 36
Pipe 3 - 2. fds: 37 & 38
Pipe 3 - 4. fds: 39 & 40
Pipe 3 - 5. fds: 41 & 42
Pipe 4 - 0. fds: 43 & 44
Pipe 4 - 1. fds: 45 & 46
Pipe 4 - 2. fds: 47 & 48
Pipe 4 - 3. fds: 49 & 50
Pipe 4 - 5. fds: 51 & 52
Pipe 5 - 0. fds: 53 & 54
Pipe 5 - 1. fds: 55 & 56
Pipe 5 - 2. fds: 57 & 58
Pipe 5 - 3. fds: 59 & 60
Pipe 5 - 4. fds: 61 & 62
